#
# A fatal error has been detected by the Java Runtime Environment:
#
#  EXCEPTION_ACCESS_VIOLATION (0xc0000005) at pc=0x00007ffc3720f46d, pid=14128, tid=0x00000000000010f8
#
# JRE version: Java(TM) SE Runtime Environment (8.0_121-b13) (build 1.8.0_121-b13)
# Java VM: Java HotSpot(TM) 64-Bit Server VM (25.121-b13 mixed mode windows-amd64 compressed oops)
# Problematic frame:
# C  [lwjgl_opengl.dll+0xf46d]
#
# Failed to write core dump. Minidumps are not enabled by default on client versions of Windows
#
# If you would like to submit a bug report, please visit:
#   http://bugreport.java.com/bugreport/crash.jsp
# The crash happened outside the Java Virtual Machine in native code.
# See problematic frame for where to report the bug.
#

---------------  T H R E A D  ---------------

Current thread (0x0000000004762800):  JavaThread "main" [_thread_in_native, id=4344, stack(0x0000000004620000,0x0000000004720000)]

siginfo: ExceptionCode=0xc0000005, reading address 0x0000000000000f58

Registers:
RAX=0x000000006128fd50, RBX=0x0000000016872ac8, RCX=0x0000000000000001, RDX=0x00000000186782fc
RSP=0x000000000471f3a8, RBP=0x000000000471f428, RSI=0x0000000000000188, RDI=0x0000000004867e70
R8 =0x0000000000000001, R9 =0x00000000186782fc, R10=0x0000000000000000, R11=0x0000000060d1b820
R12=0x0000000000000000, R13=0x0000000016872ac8, R14=0x000000000471f458, R15=0x0000000004762800
RIP=0x00007ffc3720f46d, EFLAGS=0x0000000000010202

Top of Stack: (sp=0x000000000471f3a8)
0x000000000471f3a8:   00000000048779b4 0000000004867e70
0x000000000471f3b8:   000000000487772b 0000000004762800
0x000000000471f3c8:   0000000016872ac8 0000000000000188
0x000000000471f3d8:   0000000004762800 00000000048776e2
0x000000000471f3e8:   000000000471f3e8 0000000016872ac8
0x000000000471f3f8:   000000000471f458 000000001689d118
0x000000000471f408:   0000000000000000 0000000016872ac8
0x000000000471f418:   0000000000000000 000000000471f448
0x000000000471f428:   000000000471f4a0 000000000486835d
0x000000000471f438:   00000000ec09f848 00000000048719d8
0x000000000471f448:   00000000186782fc 00000000ec2d9000
0x000000000471f458:   0000000000000001 000000000471f460
0x000000000471f468:   0000000016872c3c 000000000471f4d0
0x000000000471f478:   000000001689d118 0000000000000000
0x000000000471f488:   0000000016872ca8 000000000471f448
0x000000000471f498:   000000000471f4e0 000000000471f6a0 

Instructions: (pc=0x00007ffc3720f46d)
0x00007ffc3720f44d:   00 41 8b c8 48 ff e0 cc cc cc cc cc cc cc cc cc
0x00007ffc3720f45d:   cc cc cc 48 8b 01 49 8b d1 41 8b c8 4c 8b 50 18
0x00007ffc3720f46d:   49 ff a2 58 0f 00 00 cc cc cc cc cc cc cc cc cc
0x00007ffc3720f47d:   cc cc cc 48 8b 01 49 8b d1 41 8b c8 4c 8b 50 18 


Register to memory mapping:

RAX=0x000000006128fd50 is an unknown value
RBX={method} {0x0000000016872ad0} 'nglGenTextures' '(IJ)V' in 'org/lwjgl/opengl/GL11'
RCX=0x0000000000000001 is an unknown value
RDX=0x00000000186782fc is an unknown value
RSP=0x000000000471f3a8 is pointing into the stack for thread: 0x0000000004762800
RBP=0x000000000471f428 is pointing into the stack for thread: 0x0000000004762800
RSI=0x0000000000000188 is an unknown value
RDI=0x0000000004867e70 is at code_begin+1040 in an Interpreter codelet
invoke return entry points  [0x0000000004867a60, 0x0000000004868440]  2528 bytes
R8 =0x0000000000000001 is an unknown value
R9 =0x00000000186782fc is an unknown value
R10=0x0000000000000000 is an unknown value
R11=0x0000000060d1b820 is an unknown value
R12=0x0000000000000000 is an unknown value
R13={method} {0x0000000016872ad0} 'nglGenTextures' '(IJ)V' in 'org/lwjgl/opengl/GL11'
R14=0x000000000471f458 is pointing into the stack for thread: 0x0000000004762800
R15=0x0000000004762800 is a thread


Stack: [0x0000000004620000,0x0000000004720000],  sp=0x000000000471f3a8,  free space=1020k
Native frames: (J=compiled Java code, j=interpreted, Vv=VM code, C=native code)
C  [lwjgl_opengl.dll+0xf46d]

Java frames: (J=compiled Java code, j=interpreted, Vv=VM code)
j  org.lwjgl.opengl.GL11.nglGenTextures(IJ)V+0
j  org.lwjgl.opengl.GL11.glGenTextures()I+20
J 540% C1 com.lightning.firewood.rendering.Texture.loadTexture(Ljava/lang/String;)V (292 bytes) @ 0x0000000004ab31b4 [0x0000000004ab1e80+0x1334]
j  com.lightning.firewood.rendering.Texture.<init>(Ljava/lang/String;)V+30
j  com.lightning.firewood.display.Border.<init>(Ljava/lang/String;)V+63
j  com.lightning.firewood.main.Main.main([Ljava/lang/String;)V+511
v  ~StubRoutines::call_stub

---------------  P R O C E S S  ---------------

Java Threads: ( => current thread )
  0x0000000018529800 JavaThread "Java2D Disposer" daemon [_thread_blocked, id=12292, stack(0x0000000018e20000,0x0000000018f20000)]
  0x0000000016c2f000 JavaThread "Service Thread" daemon [_thread_blocked, id=12700, stack(0x0000000017ee0000,0x0000000017fe0000)]
  0x0000000016c08800 JavaThread "C1 CompilerThread1" daemon [_thread_blocked, id=14272, stack(0x0000000017de0000,0x0000000017ee0000)]
  0x0000000016bbe800 JavaThread "C2 CompilerThread0" daemon [_thread_blocked, id=13940, stack(0x0000000017ce0000,0x0000000017de0000)]
  0x0000000016bbd000 JavaThread "Attach Listener" daemon [_thread_blocked, id=12444, stack(0x0000000017be0000,0x0000000017ce0000)]
  0x0000000016bba000 JavaThread "Signal Dispatcher" daemon [_thread_blocked, id=6060, stack(0x0000000017ae0000,0x0000000017be0000)]
  0x0000000016ba8800 JavaThread "Finalizer" daemon [_thread_blocked, id=2652, stack(0x00000000177f0000,0x00000000178f0000)]
  0x000000000484f800 JavaThread "Reference Handler" daemon [_thread_blocked, id=4644, stack(0x00000000176f0000,0x00000000177f0000)]
=>0x0000000004762800 JavaThread "main" [_thread_in_native, id=4344, stack(0x0000000004620000,0x0000000004720000)]

Other Threads:
  0x0000000016b86000 VMThread [stack: 0x00000000175f0000,0x00000000176f0000] [id=13820]
  0x0000000016c5b800 WatcherThread [stack: 0x00000000183e0000,0x00000000184e0000] [id=5016]

VM state:not at safepoint (normal execution)

VM Mutex/Monitor currently owned by a thread: None

Heap:
 PSYoungGen      total 18432K, used 13852K [0x00000000eb580000, 0x00000000eca00000, 0x0000000100000000)
  eden space 15872K, 87% used [0x00000000eb580000,0x00000000ec307368,0x00000000ec500000)
  from space 2560K, 0% used [0x00000000ec780000,0x00000000ec780000,0x00000000eca00000)
  to   space 2560K, 0% used [0x00000000ec500000,0x00000000ec500000,0x00000000ec780000)
 ParOldGen       total 42496K, used 0K [0x00000000c2000000, 0x00000000c4980000, 0x00000000eb580000)
  object space 42496K, 0% used [0x00000000c2000000,0x00000000c2000000,0x00000000c4980000)
 Metaspace       used 8292K, capacity 8482K, committed 8832K, reserved 1056768K
  class space    used 952K, capacity 1025K, committed 1152K, reserved 1048576K

Card table byte_map: [0x0000000013c20000,0x0000000013e20000] byte_map_base: 0x0000000013610000

Marking Bits: (ParMarkBitMap*) 0x000000006130b6d0
 Begin Bits: [0x0000000014170000, 0x00000000150f0000)
 End Bits:   [0x00000000150f0000, 0x0000000016070000)

Polling page: 0x0000000002950000

CodeCache: size=245760Kb used=2671Kb max_used=2671Kb free=243088Kb
 bounds [0x0000000004860000, 0x0000000004b00000, 0x0000000013860000]
 total_blobs=1045 nmethods=658 adapters=301
 compilation: enabled

Compilation events (10 events):
Event: 3.417 Thread 0x0000000016c08800  654       3       java.util.regex.ASCII::isType (15 bytes)
Event: 3.417 Thread 0x0000000016c08800 nmethod 654 0x0000000004af9150 code [0x0000000004af92c0, 0x0000000004af9530]
Event: 3.417 Thread 0x0000000016c08800  655       1       java.util.Formatter$Flags::valueOf (5 bytes)
Event: 3.417 Thread 0x0000000016c08800 nmethod 655 0x0000000004af9650 code [0x0000000004af97a0, 0x0000000004af98b0]
Event: 3.438 Thread 0x0000000016c08800  656       3       java.lang.ClassLoader::checkPackageAccess (122 bytes)
Event: 3.439 Thread 0x0000000016c08800 nmethod 656 0x0000000004afa110 code [0x0000000004afa340, 0x0000000004afaf28]
Event: 3.439 Thread 0x0000000016c08800  657   !   3       java.util.Collections$SynchronizedCollection::add (25 bytes)
Event: 3.439 Thread 0x0000000016c08800 nmethod 657 0x0000000004afb4d0 code [0x0000000004afb640, 0x0000000004afb9e8]
Event: 3.449 Thread 0x0000000016c08800  658       3       java.lang.ClassLoader::compareCerts (149 bytes)
Event: 3.450 Thread 0x0000000016c08800 nmethod 658 0x0000000004afbb50 code [0x0000000004afbd20, 0x0000000004afc5d8]

GC Heap History (0 events):
No events

Deoptimization events (5 events):
Event: 1.062 Thread 0x0000000004762800 Uncommon trap: reason=unstable_if action=reinterpret pc=0x0000000004a54440 method=java.util.HashMap.getNode(ILjava/lang/Object;)Ljava/util/HashMap$Node; @ 62
Event: 1.063 Thread 0x0000000004762800 Uncommon trap: reason=unstable_if action=reinterpret pc=0x0000000004a2f28c method=java.util.HashMap.getNode(ILjava/lang/Object;)Ljava/util/HashMap$Node; @ 62
Event: 1.792 Thread 0x0000000004762800 Uncommon trap: reason=unstable_if action=reinterpret pc=0x0000000004a3094c method=sun.misc.MetaIndex.mayContain(Ljava/lang/String;)Z @ 38
Event: 1.792 Thread 0x0000000004762800 Uncommon trap: reason=unstable_if action=reinterpret pc=0x0000000004a2e840 method=sun.misc.MetaIndex.mayContain(Ljava/lang/String;)Z @ 38
Event: 1.803 Thread 0x0000000004762800 Uncommon trap: reason=unstable_if action=reinterpret pc=0x00000000049cb564 method=java.lang.String.indexOf([CII[CIII)I @ 134

Internal exceptions (10 events):
Event: 0.662 Thread 0x0000000004762800 Exception <a 'java/security/PrivilegedActionException'> (0x00000000eb902ac0) thrown at [C:\re\workspace\8-2-build-windows-amd64-cygwin\jdk8u121\8372\hotspot\src\share\vm\prims\jvm.cpp, line 1390]
Event: 0.662 Thread 0x0000000004762800 Exception <a 'java/security/PrivilegedActionException'> (0x00000000eb902cd0) thrown at [C:\re\workspace\8-2-build-windows-amd64-cygwin\jdk8u121\8372\hotspot\src\share\vm\prims\jvm.cpp, line 1390]
Event: 0.664 Thread 0x0000000004762800 Exception <a 'java/security/PrivilegedActionException'> (0x00000000eb906940) thrown at [C:\re\workspace\8-2-build-windows-amd64-cygwin\jdk8u121\8372\hotspot\src\share\vm\prims\jvm.cpp, line 1390]
Event: 0.664 Thread 0x0000000004762800 Exception <a 'java/security/PrivilegedActionException'> (0x00000000eb906b50) thrown at [C:\re\workspace\8-2-build-windows-amd64-cygwin\jdk8u121\8372\hotspot\src\share\vm\prims\jvm.cpp, line 1390]
Event: 0.843 Thread 0x0000000004762800 Exception <a 'java/lang/NoSuchFieldError': method resolution failed> (0x00000000ebb2c090) thrown at [C:\re\workspace\8-2-build-windows-amd64-cygwin\jdk8u121\8372\hotspot\src\share\vm\prims\methodHandles.cpp, line 1146]
Event: 0.856 Thread 0x0000000004762800 Exception <a 'java/lang/NoSuchFieldError': method resolution failed> (0x00000000ebb39490) thrown at [C:\re\workspace\8-2-build-windows-amd64-cygwin\jdk8u121\8372\hotspot\src\share\vm\prims\methodHandles.cpp, line 1146]
Event: 1.318 Thread 0x0000000004762800 Exception <a 'java/io/FileNotFoundException'> (0x00000000ebf42fc8) thrown at [C:\re\workspace\8-2-build-windows-amd64-cygwin\jdk8u121\8372\hotspot\src\share\vm\prims\jni.cpp, line 709]
Event: 1.875 Thread 0x0000000004762800 Exception <a 'java/lang/NoSuchMethodError': java.lang.Object.lambda$static$0(Ljava/lang/String;)Ljava/lang/Boolean;> (0x00000000ec1eced0) thrown at [C:\re\workspace\8-2-build-windows-amd64-cygwin\jdk8u121\8372\hotspot\src\share\vm\interpreter\linkResolver
Event: 3.415 Thread 0x0000000004762800 Exception <a 'sun/nio/fs/WindowsException'> (0x00000000ec25cab0) thrown at [C:\re\workspace\8-2-build-windows-amd64-cygwin\jdk8u121\8372\hotspot\src\share\vm\prims\jni.cpp, line 709]
Event: 3.416 Thread 0x0000000004762800 Exception <a 'sun/nio/fs/WindowsException'> (0x00000000ec25d270) thrown at [C:\re\workspace\8-2-build-windows-amd64-cygwin\jdk8u121\8372\hotspot\src\share\vm\prims\jni.cpp, line 709]

Events (10 events):
Event: 3.445 loading class org/lwjgl/system/jni/JNINativeInterface
Event: 3.445 loading class org/lwjgl/system/jni/JNINativeInterface done
Event: 3.447 loading class org/lwjgl/system/windows/WinBase
Event: 3.448 loading class org/lwjgl/system/windows/WinBase done
Event: 3.490 loading class org/lwjgl/opengl/GL$1
Event: 3.490 loading class org/lwjgl/opengl/GL$1 done
Event: 3.491 loading class org/lwjgl/opengl/GL$SharedLibraryGL
Event: 3.491 loading class org/lwjgl/opengl/GL$SharedLibraryGL done
Event: 3.492 loading class org/lwjgl/system/SharedLibrary$Delegate
Event: 3.492 loading class org/lwjgl/system/SharedLibrary$Delegate done


Dynamic libraries:
0x00007ff641fc0000 - 0x00007ff641ff7000 	C:\Program Files\Java\jre1.8.0_121\bin\javaw.exe
0x00007ffc55830000 - 0x00007ffc55a10000 	C:\WINDOWS\SYSTEM32\ntdll.dll
0x00007ffc55060000 - 0x00007ffc5510e000 	C:\WINDOWS\System32\KERNEL32.DLL
0x00007ffc52060000 - 0x00007ffc522c6000 	C:\WINDOWS\System32\KERNELBASE.dll
0x00007ffc54e90000 - 0x00007ffc54f31000 	C:\WINDOWS\System32\ADVAPI32.dll
0x00007ffc55110000 - 0x00007ffc551ad000 	C:\WINDOWS\System32\msvcrt.dll
0x00007ffc54dd0000 - 0x00007ffc54e2b000 	C:\WINDOWS\System32\sechost.dll
0x00007ffc54f40000 - 0x00007ffc5505f000 	C:\WINDOWS\System32\RPCRT4.dll
0x00007ffc52d00000 - 0x00007ffc52e8f000 	C:\WINDOWS\System32\USER32.dll
0x00007ffc51c30000 - 0x00007ffc51c50000 	C:\WINDOWS\System32\win32u.dll
0x00007ffc530b0000 - 0x00007ffc530d8000 	C:\WINDOWS\System32\GDI32.dll
0x00007ffc51dd0000 - 0x00007ffc51f63000 	C:\WINDOWS\System32\gdi32full.dll
0x00007ffc51f70000 - 0x00007ffc5200b000 	C:\WINDOWS\System32\msvcp_win.dll
0x00007ffc51c50000 - 0x00007ffc51d46000 	C:\WINDOWS\System32\ucrtbase.dll
0x00007ffc46720000 - 0x00007ffc46989000 	C:\WINDOWS\WinSxS\amd64_microsoft.windows.common-controls_6595b64144ccf1df_6.0.16299.431_none_15c7d3ee93659e73\COMCTL32.dll
0x00007ffc55220000 - 0x00007ffc55528000 	C:\WINDOWS\System32\combase.dll
0x00007ffc51d50000 - 0x00007ffc51dc2000 	C:\WINDOWS\System32\bcryptPrimitives.dll
0x00007ffc55530000 - 0x00007ffc5555d000 	C:\WINDOWS\System32\IMM32.DLL
0x0000000060850000 - 0x0000000060922000 	C:\Program Files\Java\jre1.8.0_121\bin\msvcr100.dll
0x0000000060af0000 - 0x000000006138b000 	C:\Program Files\Java\jre1.8.0_121\bin\server\jvm.dll
0x00007ffc55580000 - 0x00007ffc55588000 	C:\WINDOWS\System32\PSAPI.DLL
0x00007ffc345c0000 - 0x00007ffc345c9000 	C:\WINDOWS\SYSTEM32\WSOCK32.dll
0x00007ffc551b0000 - 0x00007ffc5521c000 	C:\WINDOWS\System32\WS2_32.dll
0x00007ffc4e100000 - 0x00007ffc4e123000 	C:\WINDOWS\SYSTEM32\WINMM.dll
0x00007ffc4ca90000 - 0x00007ffc4ca9a000 	C:\WINDOWS\SYSTEM32\VERSION.dll
0x00007ffc4e0a0000 - 0x00007ffc4e0ca000 	C:\WINDOWS\SYSTEM32\WINMMBASE.dll
0x00007ffc52010000 - 0x00007ffc5205a000 	C:\WINDOWS\System32\cfgmgr32.dll
0x0000000060ae0000 - 0x0000000060aef000 	C:\Program Files\Java\jre1.8.0_121\bin\verify.dll
0x0000000060ab0000 - 0x0000000060ad9000 	C:\Program Files\Java\jre1.8.0_121\bin\java.dll
0x0000000060a90000 - 0x0000000060aa6000 	C:\Program Files\Java\jre1.8.0_121\bin\zip.dll
0x00007ffc53150000 - 0x00007ffc54588000 	C:\WINDOWS\System32\SHELL32.dll
0x00007ffc55590000 - 0x00007ffc55636000 	C:\WINDOWS\System32\shcore.dll
0x00007ffc522d0000 - 0x00007ffc52a17000 	C:\WINDOWS\System32\windows.storage.dll
0x00007ffc557a0000 - 0x00007ffc557f1000 	C:\WINDOWS\System32\shlwapi.dll
0x00007ffc51c10000 - 0x00007ffc51c21000 	C:\WINDOWS\System32\kernel.appcore.dll
0x00007ffc51ba0000 - 0x00007ffc51bec000 	C:\WINDOWS\System32\powrprof.dll
0x00007ffc51b80000 - 0x00007ffc51b9b000 	C:\WINDOWS\System32\profapi.dll
0x00000000606b0000 - 0x0000000060848000 	C:\Program Files\Java\jre1.8.0_121\bin\awt.dll
0x00007ffc54d00000 - 0x00007ffc54dc5000 	C:\WINDOWS\System32\OLEAUT32.dll
0x00007ffc4f660000 - 0x00007ffc4f6e8000 	C:\WINDOWS\SYSTEM32\apphelp.dll
0x0000000060a70000 - 0x0000000060a8a000 	C:\Program Files\Java\jre1.8.0_121\bin\net.dll
0x00007ffc513b0000 - 0x00007ffc51416000 	C:\WINDOWS\system32\mswsock.dll
0x0000000060a50000 - 0x0000000060a61000 	C:\Program Files\Java\jre1.8.0_121\bin\nio.dll
0x00007ffc37260000 - 0x00007ffc372bb000 	C:\Users\Ray\AppData\Local\Temp\lwjglRay\3.1.6-build-14\lwjgl.dll
0x00007ffc37200000 - 0x00007ffc3725f000 	C:\Users\Ray\AppData\Local\Temp\lwjglRay\3.1.6-build-14\lwjgl_opengl.dll
0x00007ffc363d0000 - 0x00007ffc364ee000 	C:\WINDOWS\SYSTEM32\opengl32.dll
0x00007ffc36360000 - 0x00007ffc3638c000 	C:\WINDOWS\SYSTEM32\GLU32.dll
0x00007ffc4f760000 - 0x00007ffc4f928000 	C:\WINDOWS\SYSTEM32\dbghelp.dll

VM Arguments:
jvm_args: -Dfile.encoding=Cp1252 
java_command: com.lightning.firewood.main.Main
java_class_path (initial): C:\Program Files\Java\jre1.8.0_121\lib\resources.jar;C:\Program Files\Java\jre1.8.0_121\lib\rt.jar;C:\Program Files\Java\jre1.8.0_121\lib\jsse.jar;C:\Program Files\Java\jre1.8.0_121\lib\jce.jar;C:\Program Files\Java\jre1.8.0_121\lib\charsets.jar;C:\Program Files\Java\jre1.8.0_121\lib\jfr.jar;C:\Program Files\Java\jre1.8.0_121\lib\ext\access-bridge-64.jar;C:\Program Files\Java\jre1.8.0_121\lib\ext\cldrdata.jar;C:\Program Files\Java\jre1.8.0_121\lib\ext\dnsns.jar;C:\Program Files\Java\jre1.8.0_121\lib\ext\jaccess.jar;C:\Program Files\Java\jre1.8.0_121\lib\ext\jfxrt.jar;C:\Program Files\Java\jre1.8.0_121\lib\ext\localedata.jar;C:\Program Files\Java\jre1.8.0_121\lib\ext\nashorn.jar;C:\Program Files\Java\jre1.8.0_121\lib\ext\sunec.jar;C:\Program Files\Java\jre1.8.0_121\lib\ext\sunjce_provider.jar;C:\Program Files\Java\jre1.8.0_121\lib\ext\sunmscapi.jar;C:\Program Files\Java\jre1.8.0_121\lib\ext\sunpkcs11.jar;C:\Program Files\Java\jre1.8.0_121\lib\ext\zipfs.jar;F:\eclipse\FirewoodEngine\lwjgl-3.1.3\lwjgl\lwjgl-natives-windows.jar;F:\eclipse\FirewoodEngine\lwjgl-3.1.3\lwjgl\lwjgl.jar;F:\eclipse\FirewoodEngine\lwjgl-3.1.3\lwjgl-glfw\lwjgl-glfw-natives-windows.jar;F:\eclipse\FirewoodEngine\lwjgl-3.1.3\lwjgl-glfw\lwjgl-glfw.jar;F:\eclipse\FirewoodEngine\lwjgl-3.1.3\lwjgl-jawt\lwjgl-jawt.jar;F:\eclipse\FirewoodEngine\lwjgl-3.1.3\lwjgl-jemalloc\lwjgl-jemalloc-natives-windows.jar;F:\eclipse\FirewoodEngine\lwjgl-3.1.3\lwjgl-jemalloc\lwjgl-jemalloc.jar;F:\eclipse\FirewoodEngine\lwjgl-3.1.3\lwjgl-opengl\lwjgl-opengl-natives-windows.jar;F:\eclipse\FirewoodEngine\lwjgl-3.1.3\lwjgl-opengl\lwjgl-opengl.jar;F:\eclipse\FirewoodEngine\lwjgl-3.1.3\lwjgl-openvr\lwjgl-openvr-natives-windows.jar;F:\eclipse\FirewoodEngine\lwjgl-3.1.3\lwjgl-openvr\lwjgl-openvr.jar;F:\eclipse\FirewoodEngine\target\classes;C:\Users\Ray\.m2\repository\org\reflections\reflections\0.9.11\reflections-0.9.11.jar;C:\Users\Ray\.m2\repository\com\google\guava\guava\20.0\guava-20.0.jar;C:\User
Launcher Type: SUN_STANDARD

Environment Variables:
JAVA_HOME=C:\Program Files\Java\jdk1.7.0_25
PATH=C:/Program Files/Java/jre1.8.0_121/bin/server;C:/Program Files/Java/jre1.8.0_121/bin;C:/Program Files/Java/jre1.8.0_121/lib/amd64;C:\ProgramData\Oracle\Java\javapath;C:\devkitPro\msys\bin;C:\Python27\;C:\Python27\Scripts;C:\Python34\;C:\Python34\Scripts;C:\Program Files (x86)\WANdisco\Subversion;C:\Python33\;c:\Program Files (x86)\Intel\iCLS Client\;c:\Program Files\Intel\iCLS Client\;C:\WINDOWS\system32;C:\WINDOWS;C:\WINDOWS\System32\Wbem;C:\WINDOWS\System32\WindowsPowerShell\v1.0\;C:\Program Files\Intel\Intel(R) Management Engine Components\DAL;C:\Program Files\Intel\Intel(R) Management Engine Components\IPT;C:\Program Files (x86)\Intel\Intel(R) Management Engine Components\DAL;C:\Program Files (x86)\Intel\Intel(R) Management Engine Components\IPT;C:\Program Files (x86)\Windows Live\Shared;C:\Program Files (x86)\IVI Foundation\VISA\WinNT\Bin;C:\Program Files (x86)\leJOS NXJ\bin;c:\Program Files (x86)\Microsoft SQL Server\100\Tools\Binn\;c:\Program Files\Microsoft SQL Server\100\Tools\Binn\;c:\Program Files\Microsoft SQL Server\100\DTS\Binn\;C:\gnutools\bin\;C:\Program Files (x86)\scala\bin;C:\Program Files (x86)\Java\jdk1.7.0_25\bin;C:\maven-3.2.1\bin;C:\Users\Ray\spring-roo\spring-roo-1.2.5.RELEASE\bin;C:\WINDOWS\system32\config\systemprofile\.dnx\bin;C:\Program Files\Microsoft DNX\Dnvm\;C:\Program Files (x86)\Windows Kits\8.1\Windows Performance Toolkit\;C:\Program Files\Microsoft SQL Server\120\Tools\Binn\;C:\Program Files\leJOS EV3\bin;C:\devkitPro\devkitPPC\bin;C:\Program Files (x86)\InstallAware X4;C:\FPC\3.0.0\bin\i386-Win32;C:\Users\Ray\.cargo\bin;C:\Users\Ray\cocos2dEngine\templates;C:\Users\Ray\cocos2dEngine\tools\cocos2d-console\bin;C:\GNAT\2013\bin;C:\Mercurial;C:\Users\Ray\AppData\Local\Programs\Git\cmd;C:\Users\Ray\AppData\Local\Microsoft\WindowsApps;;F:\eclipse\java-oxygen\eclipse;
USERNAME=Ray
OS=Windows_NT
PROCESSOR_IDENTIFIER=Intel64 Family 6 Model 58 Stepping 9, GenuineIntel



---------------  S Y S T E M  ---------------

OS: Windows 10.0 , 64 bit Build 16299 (10.0.16299.431)

CPU:total 2 (2 cores per cpu, 1 threads per core) family 6 model 58 stepping 9, cmov, cx8, fxsr, mmx, sse, sse2, sse3, ssse3, sse4.1, sse4.2, popcnt, clmul, erms, tsc, tscinvbit, tscinv

Memory: 4k page, physical 4060440k(654460k free), swap 9375160k(1381220k free)

vm_info: Java HotSpot(TM) 64-Bit Server VM (25.121-b13) for windows-amd64 JRE (1.8.0_121-b13), built on Dec 12 2016 18:21:36 by "java_re" with MS VC++ 10.0 (VS2010)

time: Mon Jun 11 17:26:23 2018
elapsed time: 3 seconds (0d 0h 0m 3s)

